2020-09-23 14:17:17 Error: [PDOException] SQLSTATE[HY000] [1045] Accès refusé pour l'utilisateur: 'my_app'@'@localhost' (mot de passe: OUI) in C:\wamp\www\register_admin\vendor\cakephp\cakephp\src\Database\Driver.php on line 93
Stack Trace:
#0 C:\wamp\www\register_admin\vendor\cakephp\cakephp\src\Database\Driver.php(93): PDO->__construct('mysql:host=loca...', 'my_app', 'secret', Array)
#1 C:\wamp\www\register_admin\vendor\cakephp\cakephp\src\Database\Driver\Mysql.php(105): Cake\Database\Driver->_connect('mysql:host=loca...', Array)
#2 C:\wamp\www\register_admin\vendor\cakephp\cakephp\src\Database\Schema\BaseSchema.php(44): Cake\Database\Driver\Mysql->connect()
#3 C:\wamp\www\register_admin\vendor\cakephp\cakephp\src\Database\Dialect\MysqlDialectTrait.php(62): Cake\Database\Schema\BaseSchema->__construct(Object(Cake\Database\Driver\Mysql))
#4 C:\wamp\www\register_admin\vendor\cakephp\cakephp\src\Database\Schema\Collection.php(51): Cake\Database\Driver\Mysql->schemaDialect()
#5 C:\wamp\www\register_admin\vendor\cakephp\cakephp\src\Database\Schema\CachedCollection.php(41): Cake\Database\Schema\Collection->__construct(Object(Cake\Database\Connection))
#6 C:\wamp\www\register_admin\vendor\cakephp\cakephp\src\Database\Connection.php(399): Cake\Database\Schema\CachedCollection->__construct(Object(Cake\Database\Connection), true)
#7 C:\wamp\www\register_admin\vendor\cakephp\bake\src\Shell\Task\ModelTask.php(1096): Cake\Database\Connection->getSchemaCollection()
#8 C:\wamp\www\register_admin\vendor\cakephp\bake\src\Shell\Task\ModelTask.php(1050): Bake\Shell\Task\ModelTask->_getAllTables()
#9 C:\wamp\www\register_admin\vendor\cakephp\bake\src\Shell\Task\ModelTask.php(213): Bake\Shell\Task\ModelTask->listAll()
#10 C:\wamp\www\register_admin\vendor\cakephp\bake\src\Shell\Task\ModelTask.php(131): Bake\Shell\Task\ModelTask->getAssociations(Object(Cake\ORM\Table))
#11 C:\wamp\www\register_admin\vendor\cakephp\bake\src\Shell\Task\ModelTask.php(114): Bake\Shell\Task\ModelTask->getTableContext(Object(Cake\ORM\Table), 'cards', 'Cards')
#12 C:\wamp\www\register_admin\vendor\cakephp\bake\src\Shell\Task\ModelTask.php(101): Bake\Shell\Task\ModelTask->bake('Cards')
#13 C:\wamp\www\register_admin\vendor\cakephp\bake\src\Shell\BakeShell.php(282): Bake\Shell\Task\ModelTask->main('Cards')
#14 C:\wamp\www\register_admin\vendor\cakephp\cakephp\src\Collection\CollectionTrait.php(64): Bake\Shell\BakeShell->Bake\Shell\{closure}('Cards', 0)
#15 C:\wamp\www\register_admin\vendor\cakephp\bake\src\Shell\BakeShell.php(283): Cake\Collection\Collection->each(Object(Closure))
#16 C:\wamp\www\register_admin\vendor\cakephp\cakephp\src\Console\Shell.php(517): Bake\Shell\BakeShell->all('cards')
#17 C:\wamp\www\register_admin\vendor\cakephp\cakephp\src\Console\CommandRunner.php(384): Cake\Console\Shell->runCommand(Array, true)
#18 C:\wamp\www\register_admin\vendor\cakephp\cakephp\src\Console\CommandRunner.php(162): Cake\Console\CommandRunner->runShell(Object(Bake\Shell\BakeShell), Array)
#19 C:\wamp\www\register_admin\bin\cake.php(12): Cake\Console\CommandRunner->run(Array)
#20 {main}


2020-09-23 14:20:35 Error: [Cake\Database\Exception] SQLSTATE[42S02]: Base table or view not found: 1146 La table 'caribbeanglass.cards_categories' n'existe pas in C:\wamp\www\register_admin\vendor\cakephp\cakephp\src\Database\Schema\Collection.php on line 132
Stack Trace:
#0 C:\wamp\www\register_admin\vendor\cakephp\cakephp\src\Database\Schema\Collection.php(98): Cake\Database\Schema\Collection->_reflect('Column', 'cards_categorie...', Array, Object(Cake\Database\Schema\TableSchema))
#1 C:\wamp\www\register_admin\vendor\cakephp\cakephp\src\Database\Schema\CachedCollection.php(61): Cake\Database\Schema\Collection->describe('cards_categorie...', Array)
#2 C:\wamp\www\register_admin\vendor\cakephp\cakephp\src\ORM\Table.php(566): Cake\Database\Schema\CachedCollection->describe('cards_categorie...')
#3 C:\wamp\www\register_admin\vendor\cakephp\cakephp\src\ORM\Table.php(691): Cake\ORM\Table->getSchema()
#4 C:\wamp\www\register_admin\vendor\cakephp\bake\src\Shell\Task\ModelTask.php(221): Cake\ORM\Table->getPrimaryKey()
#5 C:\wamp\www\register_admin\vendor\cakephp\bake\src\Shell\Task\ModelTask.php(131): Bake\Shell\Task\ModelTask->getAssociations(Object(Cake\ORM\Table))
#6 C:\wamp\www\register_admin\vendor\cakephp\bake\src\Shell\Task\ModelTask.php(114): Bake\Shell\Task\ModelTask->getTableContext(Object(Cake\ORM\Table), 'cards_categorie...', 'CardsCategories')
#7 C:\wamp\www\register_admin\vendor\cakephp\bake\src\Shell\Task\ModelTask.php(101): Bake\Shell\Task\ModelTask->bake('CardsCategories')
#8 C:\wamp\www\register_admin\vendor\cakephp\bake\src\Shell\BakeShell.php(282): Bake\Shell\Task\ModelTask->main('CardsCategories')
#9 C:\wamp\www\register_admin\vendor\cakephp\cakephp\src\Collection\CollectionTrait.php(64): Bake\Shell\BakeShell->Bake\Shell\{closure}('CardsCategories', 0)
#10 C:\wamp\www\register_admin\vendor\cakephp\bake\src\Shell\BakeShell.php(283): Cake\Collection\Collection->each(Object(Closure))
#11 C:\wamp\www\register_admin\vendor\cakephp\cakephp\src\Console\Shell.php(517): Bake\Shell\BakeShell->all('cards_categorie...')
#12 C:\wamp\www\register_admin\vendor\cakephp\cakephp\src\Console\CommandRunner.php(384): Cake\Console\Shell->runCommand(Array, true)
#13 C:\wamp\www\register_admin\vendor\cakephp\cakephp\src\Console\CommandRunner.php(162): Cake\Console\CommandRunner->runShell(Object(Bake\Shell\BakeShell), Array)
#14 C:\wamp\www\register_admin\bin\cake.php(12): Cake\Console\CommandRunner->run(Array)
#15 {main}


Caused by: [PDOException] SQLSTATE[42S02]: Base table or view not found: 1146 La table 'caribbeanglass.cards_categories' n'existe pas in C:\wamp\www\register_admin\vendor\cakephp\cakephp\src\Database\Statement\MysqlStatement.php on line 37
Stack Trace:
#0 C:\wamp\www\register_admin\vendor\cakephp\cakephp\src\Database\Statement\MysqlStatement.php(37): PDOStatement->execute(NULL)
#1 C:\wamp\www\register_admin\vendor\cakephp\cakephp\src\Database\Statement\StatementDecorator.php(173): Cake\Database\Statement\MysqlStatement->execute(NULL)
#2 C:\wamp\www\register_admin\vendor\cakephp\cakephp\src\Database\Log\LoggingStatement.php(55): Cake\Database\Statement\StatementDecorator->execute(NULL)
#3 C:\wamp\www\register_admin\vendor\cakephp\cakephp\src\Database\Connection.php(358): Cake\Database\Log\LoggingStatement->execute()
#4 C:\wamp\www\register_admin\vendor\cakephp\cakephp\src\Core\Retry\CommandRetry.php(67): Cake\Database\Connection->Cake\Database\{closure}()
#5 C:\wamp\www\register_admin\vendor\cakephp\cakephp\src\Database\Connection.php(361): Cake\Core\Retry\CommandRetry->run(Object(Closure))
#6 C:\wamp\www\register_admin\vendor\cakephp\cakephp\src\Database\Connection.php(310): Cake\Database\Connection->query('SHOW FULL COLUM...')
#7 C:\wamp\www\register_admin\vendor\cakephp\cakephp\src\Core\Retry\CommandRetry.php(67): Cake\Database\Connection->Cake\Database\{closure}()
#8 C:\wamp\www\register_admin\vendor\cakephp\cakephp\src\Database\Connection.php(314): Cake\Core\Retry\CommandRetry->run(Object(Closure))
#9 C:\wamp\www\register_admin\vendor\cakephp\cakephp\src\Database\Schema\Collection.php(130): Cake\Database\Connection->execute('SHOW FULL COLUM...', Array)
#10 C:\wamp\www\register_admin\vendor\cakephp\cakephp\src\Database\Schema\Collection.php(98): Cake\Database\Schema\Collection->_reflect('Column', 'cards_categorie...', Array, Object(Cake\Database\Schema\TableSchema))
#11 C:\wamp\www\register_admin\vendor\cakephp\cakephp\src\Database\Schema\CachedCollection.php(61): Cake\Database\Schema\Collection->describe('cards_categorie...', Array)
#12 C:\wamp\www\register_admin\vendor\cakephp\cakephp\src\ORM\Table.php(566): Cake\Database\Schema\CachedCollection->describe('cards_categorie...')
#13 C:\wamp\www\register_admin\vendor\cakephp\cakephp\src\ORM\Table.php(691): Cake\ORM\Table->getSchema()
#14 C:\wamp\www\register_admin\vendor\cakephp\bake\src\Shell\Task\ModelTask.php(221): Cake\ORM\Table->getPrimaryKey()
#15 C:\wamp\www\register_admin\vendor\cakephp\bake\src\Shell\Task\ModelTask.php(131): Bake\Shell\Task\ModelTask->getAssociations(Object(Cake\ORM\Table))
#16 C:\wamp\www\register_admin\vendor\cakephp\bake\src\Shell\Task\ModelTask.php(114): Bake\Shell\Task\ModelTask->getTableContext(Object(Cake\ORM\Table), 'cards_categorie...', 'CardsCategories')
#17 C:\wamp\www\register_admin\vendor\cakephp\bake\src\Shell\Task\ModelTask.php(101): Bake\Shell\Task\ModelTask->bake('CardsCategories')
#18 C:\wamp\www\register_admin\vendor\cakephp\bake\src\Shell\BakeShell.php(282): Bake\Shell\Task\ModelTask->main('CardsCategories')
#19 C:\wamp\www\register_admin\vendor\cakephp\cakephp\src\Collection\CollectionTrait.php(64): Bake\Shell\BakeShell->Bake\Shell\{closure}('CardsCategories', 0)
#20 C:\wamp\www\register_admin\vendor\cakephp\bake\src\Shell\BakeShell.php(283): Cake\Collection\Collection->each(Object(Closure))
#21 C:\wamp\www\register_admin\vendor\cakephp\cakephp\src\Console\Shell.php(517): Bake\Shell\BakeShell->all('cards_categorie...')
#22 C:\wamp\www\register_admin\vendor\cakephp\cakephp\src\Console\CommandRunner.php(384): Cake\Console\Shell->runCommand(Array, true)
#23 C:\wamp\www\register_admin\vendor\cakephp\cakephp\src\Console\CommandRunner.php(162): Cake\Console\CommandRunner->runShell(Object(Bake\Shell\BakeShell), Array)
#24 C:\wamp\www\register_admin\bin\cake.php(12): Cake\Console\CommandRunner->run(Array)
#25 {main}


